<?xml version="1.0" encoding="UTF-8"?>
<testng-results ignored="0" total="1" passed="1" failed="0" skipped="0">
  <reporter-output>
  </reporter-output>
  <suite started-at="2021-03-14T17:08:21 IST" name="Default suite" finished-at="2021-03-14T17:08:43 IST" duration-ms="22818">
    <groups>
    </groups>
    <test started-at="2021-03-14T17:08:21 IST" name="Default test" finished-at="2021-03-14T17:08:43 IST" duration-ms="22818">
      <class name="selenium_test.NewTest">
        <test-method signature="Load_Ebay()[pri:1, instance:selenium_test.NewTest@2133814f]" started-at="2021-03-14T17:08:21 IST" name="Load_Ebay" finished-at="2021-03-14T17:08:43 IST" duration-ms="22780" status="PASS">
          <reporter-output>
          </reporter-output>
        </test-method> <!-- Load_Ebay -->
      </class> <!-- selenium_test.NewTest -->
    </test> <!-- Default test -->
  </suite> <!-- Default suite -->
</testng-results>
